<?xml version="1.0" encoding="UTF-8" ?>
<testsuite tests="5" failures="0" name="Kadir.runner.Runner" time="10.36" errors="0" skipped="0">
  <properties>
    <property name="java.vendor" value="Homebrew"/>
    <property name="localRepository" value="/Users/aatug/.m2/repository"/>
    <property name="sun.java.launcher" value="SUN_STANDARD"/>
    <property name="env.XPC_SERVICE_NAME" value="0"/>
    <property name="sun.management.compiler" value="HotSpot 64-Bit Tiered Compilers"/>
    <property name="os.name" value="Mac OS X"/>
    <property name="env.TMPDIR" value="/var/folders/dc/frqr3r013rd0n8ktl1k5gfrw0000gq/T/"/>
    <property name="env.PWD" value="/Users/aatug/IdeaProjects/openEMR"/>
    <property name="java.vm.specification.vendor" value="Oracle Corporation"/>
    <property name="java.runtime.version" value="18.0.2+0"/>
    <property name="user.name" value="aatug"/>
    <property name="maven.build.version" value="Apache Maven 3.8.6 (84538c9988a25aec085021c365c560670ad80f63)"/>
    <property name="env.USER" value="aatug"/>
    <property name="env.SHELL" value="/bin/zsh"/>
    <property name="env.__CF_USER_TEXT_ENCODING" value="0x1F7:0x0:0x0"/>
    <property name="env.PATH" value="/Users/aatug/.volta/bin:/usr/local/bin:/usr/bin:/bin:/usr/sbin:/sbin"/>
    <property name="user.language" value="en"/>
    <property name="sun.boot.library.path" value="/usr/local/Cellar/openjdk/18.0.2/libexec/openjdk.jdk/Contents/Home/lib"/>
    <property name="classworlds.conf" value="/usr/local/Cellar/maven/3.8.6/libexec/bin/m2.conf"/>
    <property name="env.XPC_FLAGS" value="0x0"/>
    <property name="env.LC_CTYPE" value="en_US.UTF-8"/>
    <property name="java.vm.compressedOopsMode" value="Zero based"/>
    <property name="java.version" value="18.0.2"/>
    <property name="user.timezone" value="America/New_York"/>
    <property name="sun.arch.data.model" value="64"/>
    <property name="http.nonProxyHosts" value="local|*.local|169.254/16|*.169.254/16"/>
    <property name="sun.jnu.encoding" value="UTF-8"/>
    <property name="env.LOGIN_SHELL" value="1"/>
    <property name="env.SHLVL" value="1"/>
    <property name="file.separator" value="/"/>
    <property name="java.specification.name" value="Java Platform API Specification"/>
    <property name="maven.conf" value="/usr/local/Cellar/maven/3.8.6/libexec/conf"/>
    <property name="java.class.version" value="62.0"/>
    <property name="user.country" value="US"/>
    <property name="java.home" value="/usr/local/Cellar/openjdk/18.0.2/libexec/openjdk.jdk/Contents/Home"/>
    <property name="java.vm.info" value="mixed mode, sharing"/>
    <property name="env.LOGNAME" value="aatug"/>
    <property name="os.version" value="12.5"/>
    <property name="webdriver.chrome.driver" value="/Users/aatug/.cache/selenium/chromedriver/mac64/103.0.5060.134/chromedriver"/>
    <property name="path.separator" value=":"/>
    <property name="java.vm.version" value="18.0.2+0"/>
    <property name="env.__CFBundleIdentifier" value="com.jetbrains.intellij.ce"/>
    <property name="env.JAVA_HOME" value="/usr/local/opt/openjdk/libexec/openjdk.jdk/Contents/Home"/>
    <property name="env.TERM" value="xterm-256color"/>
    <property name="sun.io.unicode.encoding" value="UnicodeBig"/>
    <property name="socksNonProxyHosts" value="local|*.local|169.254/16|*.169.254/16"/>
    <property name="sun.stdout.encoding" value="UTF-8"/>
    <property name="ftp.nonProxyHosts" value="local|*.local|169.254/16|*.169.254/16"/>
    <property name="user.home" value="/Users/aatug"/>
    <property name="env.OLDPWD" value="/Users/aatug/IdeaProjects/openEMR"/>
    <property name="java.version.date" value="2022-07-19"/>
    <property name="java.specification.vendor" value="Oracle Corporation"/>
    <property name="library.jansi.path" value="/usr/local/Cellar/maven/3.8.6/libexec/lib/jansi-native"/>
    <property name="java.library.path" value="/Users/aatug/Library/Java/Extensions:/Library/Java/Extensions:/Network/Library/Java/Extensions:/System/Library/Java/Extensions:/usr/lib/java:."/>
    <property name="java.vendor.url" value="https://github.com/Homebrew/homebrew-core/issues"/>
    <property name="env.MAVEN_CMD_LINE_ARGS" value=" test"/>
    <property name="java.vm.vendor" value="Homebrew"/>
    <property name="maven.home" value="/usr/local/Cellar/maven/3.8.6/libexec"/>
    <property name="java.runtime.name" value="OpenJDK Runtime Environment"/>
    <property name="sun.java.command" value="org.codehaus.plexus.classworlds.launcher.Launcher test"/>
    <property name="java.class.path" value="/usr/local/Cellar/maven/3.8.6/libexec/boot/plexus-classworlds-2.6.0.jar"/>
    <property name="env.TERM_SESSION_ID" value="30dd3811-06df-48c0-9eb9-1a91d2be90dd"/>
    <property name="native.encoding" value="UTF-8"/>
    <property name="maven.version" value="3.8.6"/>
    <property name="jdk.debug" value="release"/>
    <property name="java.vm.specification.name" value="Java Virtual Machine Specification"/>
    <property name="java.vm.specification.version" value="18"/>
    <property name="sun.cpu.endian" value="little"/>
    <property name="env.HOME" value="/Users/aatug"/>
    <property name="surefire.test.class.path" value="/Users/aatug/IdeaProjects/openEMR/target/test-classes:/Users/aatug/IdeaProjects/openEMR/target/classes:/Users/aatug/.m2/repository/org/seleniumhq/selenium/selenium-java/3.141.59/selenium-java-3.141.59.jar:/Users/aatug/.m2/repository/org/seleniumhq/selenium/selenium-api/3.141.59/selenium-api-3.141.59.jar:/Users/aatug/.m2/repository/org/seleniumhq/selenium/selenium-chrome-driver/3.141.59/selenium-chrome-driver-3.141.59.jar:/Users/aatug/.m2/repository/org/seleniumhq/selenium/selenium-edge-driver/3.141.59/selenium-edge-driver-3.141.59.jar:/Users/aatug/.m2/repository/org/seleniumhq/selenium/selenium-firefox-driver/3.141.59/selenium-firefox-driver-3.141.59.jar:/Users/aatug/.m2/repository/org/seleniumhq/selenium/selenium-ie-driver/3.141.59/selenium-ie-driver-3.141.59.jar:/Users/aatug/.m2/repository/org/seleniumhq/selenium/selenium-opera-driver/3.141.59/selenium-opera-driver-3.141.59.jar:/Users/aatug/.m2/repository/org/seleniumhq/selenium/selenium-remote-driver/3.141.59/selenium-remote-driver-3.141.59.jar:/Users/aatug/.m2/repository/org/seleniumhq/selenium/selenium-safari-driver/3.141.59/selenium-safari-driver-3.141.59.jar:/Users/aatug/.m2/repository/org/seleniumhq/selenium/selenium-support/3.141.59/selenium-support-3.141.59.jar:/Users/aatug/.m2/repository/net/bytebuddy/byte-buddy/1.8.15/byte-buddy-1.8.15.jar:/Users/aatug/.m2/repository/org/apache/commons/commons-exec/1.3/commons-exec-1.3.jar:/Users/aatug/.m2/repository/com/google/guava/guava/25.0-jre/guava-25.0-jre.jar:/Users/aatug/.m2/repository/com/google/code/findbugs/jsr305/1.3.9/jsr305-1.3.9.jar:/Users/aatug/.m2/repository/org/checkerframework/checker-compat-qual/2.0.0/checker-compat-qual-2.0.0.jar:/Users/aatug/.m2/repository/com/google/errorprone/error_prone_annotations/2.1.3/error_prone_annotations-2.1.3.jar:/Users/aatug/.m2/repository/com/google/j2objc/j2objc-annotations/1.1/j2objc-annotations-1.1.jar:/Users/aatug/.m2/repository/org/codehaus/mojo/animal-sniffer-annotations/1.14/animal-sniffer-annotations-1.14.jar:/Users/aatug/.m2/repository/com/squareup/okhttp3/okhttp/3.11.0/okhttp-3.11.0.jar:/Users/aatug/.m2/repository/com/squareup/okio/okio/1.14.0/okio-1.14.0.jar:/Users/aatug/.m2/repository/io/cucumber/cucumber-java/7.0.0/cucumber-java-7.0.0.jar:/Users/aatug/.m2/repository/org/apiguardian/apiguardian-api/1.1.2/apiguardian-api-1.1.2.jar:/Users/aatug/.m2/repository/io/cucumber/cucumber-junit/7.3.3/cucumber-junit-7.3.3.jar:/Users/aatug/.m2/repository/junit/junit/4.13.2/junit-4.13.2.jar:/Users/aatug/.m2/repository/org/hamcrest/hamcrest-core/1.3/hamcrest-core-1.3.jar:/Users/aatug/.m2/repository/org/junit/platform/junit-platform-launcher/1.4.0/junit-platform-launcher-1.4.0.jar:/Users/aatug/.m2/repository/org/junit/platform/junit-platform-engine/1.4.0/junit-platform-engine-1.4.0.jar:/Users/aatug/.m2/repository/org/opentest4j/opentest4j/1.1.1/opentest4j-1.1.1.jar:/Users/aatug/.m2/repository/org/junit/platform/junit-platform-commons/1.4.0/junit-platform-commons-1.4.0.jar:/Users/aatug/.m2/repository/io/cucumber/cucumber-core/7.0.0/cucumber-core-7.0.0.jar:/Users/aatug/.m2/repository/io/cucumber/cucumber-gherkin/7.0.0/cucumber-gherkin-7.0.0.jar:/Users/aatug/.m2/repository/io/cucumber/cucumber-gherkin-messages/7.0.0/cucumber-gherkin-messages-7.0.0.jar:/Users/aatug/.m2/repository/io/cucumber/messages/17.1.1/messages-17.1.1.jar:/Users/aatug/.m2/repository/io/cucumber/tag-expressions/4.0.2/tag-expressions-4.0.2.jar:/Users/aatug/.m2/repository/io/cucumber/cucumber-expressions/13.0.1/cucumber-expressions-13.0.1.jar:/Users/aatug/.m2/repository/io/cucumber/datatable/7.0.0/datatable-7.0.0.jar:/Users/aatug/.m2/repository/io/cucumber/cucumber-plugin/7.0.0/cucumber-plugin-7.0.0.jar:/Users/aatug/.m2/repository/io/cucumber/docstring/7.0.0/docstring-7.0.0.jar:/Users/aatug/.m2/repository/io/cucumber/html-formatter/17.0.0/html-formatter-17.0.0.jar:/Users/aatug/.m2/repository/io/cucumber/create-meta/6.0.1/create-meta-6.0.1.jar:/Users/aatug/.m2/repository/io/github/bonigarcia/webdrivermanager/5.0.3/webdrivermanager-5.0.3.jar:/Users/aatug/.m2/repository/org/slf4j/slf4j-api/1.7.32/slf4j-api-1.7.32.jar:/Users/aatug/.m2/repository/com/google/code/gson/gson/2.8.8/gson-2.8.8.jar:/Users/aatug/.m2/repository/org/jsoup/jsoup/1.14.2/jsoup-1.14.2.jar:/Users/aatug/.m2/repository/com/github/docker-java/docker-java/3.2.12/docker-java-3.2.12.jar:/Users/aatug/.m2/repository/com/github/docker-java/docker-java-core/3.2.12/docker-java-core-3.2.12.jar:/Users/aatug/.m2/repository/com/github/docker-java/docker-java-api/3.2.12/docker-java-api-3.2.12.jar:/Users/aatug/.m2/repository/com/fasterxml/jackson/core/jackson-annotations/2.10.3/jackson-annotations-2.10.3.jar:/Users/aatug/.m2/repository/org/apache/commons/commons-compress/1.21/commons-compress-1.21.jar:/Users/aatug/.m2/repository/commons-lang/commons-lang/2.6/commons-lang-2.6.jar:/Users/aatug/.m2/repository/com/fasterxml/jackson/core/jackson-databind/2.10.3/jackson-databind-2.10.3.jar:/Users/aatug/.m2/repository/com/fasterxml/jackson/core/jackson-core/2.10.3/jackson-core-2.10.3.jar:/Users/aatug/.m2/repository/org/bouncycastle/bcpkix-jdk15on/1.64/bcpkix-jdk15on-1.64.jar:/Users/aatug/.m2/repository/org/bouncycastle/bcprov-jdk15on/1.64/bcprov-jdk15on-1.64.jar:/Users/aatug/.m2/repository/org/slf4j/jcl-over-slf4j/1.7.30/jcl-over-slf4j-1.7.30.jar:/Users/aatug/.m2/repository/com/github/docker-java/docker-java-transport-httpclient5/3.2.12/docker-java-transport-httpclient5-3.2.12.jar:/Users/aatug/.m2/repository/com/github/docker-java/docker-java-transport/3.2.12/docker-java-transport-3.2.12.jar:/Users/aatug/.m2/repository/org/apache/httpcomponents/client5/httpclient5/5.0.3/httpclient5-5.0.3.jar:/Users/aatug/.m2/repository/org/apache/httpcomponents/core5/httpcore5/5.0.2/httpcore5-5.0.2.jar:/Users/aatug/.m2/repository/commons-codec/commons-codec/1.13/commons-codec-1.13.jar:/Users/aatug/.m2/repository/net/java/dev/jna/jna/5.8.0/jna-5.8.0.jar:/Users/aatug/.m2/repository/org/brotli/dec/0.1.2/dec-0.1.2.jar:/Users/aatug/.m2/repository/org/junit/jupiter/junit-jupiter-engine/5.8.2/junit-jupiter-engine-5.8.2.jar:/Users/aatug/.m2/repository/org/junit/jupiter/junit-jupiter-api/5.8.2/junit-jupiter-api-5.8.2.jar:/Users/aatug/.m2/repository/commons-io/commons-io/2.11.0/commons-io-2.11.0.jar:"/>
    <property name="java.io.tmpdir" value="/var/folders/dc/frqr3r013rd0n8ktl1k5gfrw0000gq/T/"/>
    <property name="maven.multiModuleProjectDirectory" value="/Users/aatug/IdeaProjects/openEMR"/>
    <property name="java.vendor.url.bug" value="https://github.com/Homebrew/homebrew-core/issues"/>
    <property name="env.SSH_AUTH_SOCK" value="/private/tmp/com.apple.launchd.xGQJfEtqIu/Listeners"/>
    <property name="env.COMMAND_MODE" value="unix2003"/>
    <property name="env.__INTELLIJ_COMMAND_HISTFILE__" value="/Users/aatug/Library/Caches/JetBrains/IdeaIC2022.2/terminal/history/openEMR-history1"/>
    <property name="os.arch" value="x86_64"/>
    <property name="env.VOLTA_HOME" value="/Users/aatug/.volta"/>
    <property name="user.dir" value="/Users/aatug/IdeaProjects/openEMR"/>
    <property name="apple.awt.application.name" value="Launcher"/>
    <property name="line.separator" value="
"/>
    <property name="java.vm.name" value="OpenJDK 64-Bit Server VM"/>
    <property name="basedir" value="/Users/aatug/IdeaProjects/openEMR"/>
    <property name="env.TERMINAL_EMULATOR" value="JetBrains-JediTerm"/>
    <property name="sun.stderr.encoding" value="UTF-8"/>
    <property name="file.encoding" value="UTF-8"/>
    <property name="java.specification.version" value="18"/>
    <property name="java.vendor.version" value="Homebrew"/>
    <property name="env.MAVEN_PROJECTBASEDIR" value="/Users/aatug/IdeaProjects/openEMR"/>
  </properties>
  <testcase classname="User able to login" name="Login with Valid Credentials" time="5.107"/>
  <testcase classname="User able to login" name="Login with invalid userName case" time="0.848"/>
  <testcase classname="User able to login" name="Login with invalid password case" time="0.863"/>
  <testcase classname="User able to login" name="Login with invalid userName and invalid password" time="0.801"/>
  <testcase classname="validate Facilities tab" name="User navigates to Admin/Clinic/Facilities" time="2.386"/>
</testsuite>